28.9.2022, 0:47:04 - INFO - Socket disconnected [id: X82132QrnFo84240AAAL] 
28.9.2022, 0:47:05 - DEBUG - gig.controller: Getting Gigs (userId: 632c43783a61d9514f43f4a6)
28.9.2022, 0:47:05 - DEBUG - gig.service: Finding Gigs (userId: 632c43783a61d9514f43f4a6)
28.9.2022, 0:47:05 - INFO - New connected socket [id: of1pNyWWD0vq-iHxAAAN] 
28.9.2022, 0:47:06 - INFO - Setting socket.userId = 632c43783a61d9514f43f4a6 for socket [id: of1pNyWWD0vq-iHxAAAN] 
28.9.2022, 0:53:41 - INFO - Server is running on port: 3030 
28.9.2022, 0:53:45 - INFO - New connected socket [id: wK4PdA3O6lHJjI3KAAAB] 
28.9.2022, 0:53:48 - DEBUG - gig.controller: Getting Gigs (userId: 632c43783a61d9514f43f4a6)
28.9.2022, 0:53:48 - DEBUG - gig.service: Finding Gigs (userId: 632c43783a61d9514f43f4a6)
28.9.2022, 0:53:48 - INFO - New connected socket [id: VmLYxu_opUVTFhblAAAD] 
28.9.2022, 0:53:48 - DEBUG - gig.controller: Getting Gigs (userId: 632c43783a61d9514f43f4a6)
28.9.2022, 0:53:48 - DEBUG - gig.service: Finding Gigs (userId: 632c43783a61d9514f43f4a6)
28.9.2022, 0:53:54 - INFO - Server is running on port: 3030 
28.9.2022, 0:53:54 - INFO - New connected socket [id: Oud6wEJHyoiw8XEJAAAB] 
28.9.2022, 0:53:54 - INFO - New connected socket [id: 7V1GzPqKCWZttk1oAAAD] 
28.9.2022, 0:53:55 - DEBUG - gig.controller: Getting Gigs (userId: 632c43783a61d9514f43f4a6)
28.9.2022, 0:53:55 - DEBUG - gig.service: Finding Gigs (userId: 632c43783a61d9514f43f4a6)
28.9.2022, 0:54:07 - DEBUG - gig.service: Finding Gig (userId: 632c43783a61d9514f43f4a6)
28.9.2022, 0:54:09 - DEBUG - gig.service: Finding Gigs (userId: 632c43783a61d9514f43f4a6)
28.9.2022, 0:54:09 - DEBUG - gig.controller: Getting Gigs (userId: 632c43783a61d9514f43f4a6)
28.9.2022, 0:54:17 - DEBUG - gig.service: Finding Gig (userId: 632c43783a61d9514f43f4a6)
28.9.2022, 0:54:47 - DEBUG - gig.controller: Getting Gigs (userId: 632c43783a61d9514f43f4a6)
28.9.2022, 0:54:47 - DEBUG - gig.service: Finding Gigs (userId: 632c43783a61d9514f43f4a6)
28.9.2022, 0:54:49 - DEBUG - gig.service: Finding Gig (userId: 632c43783a61d9514f43f4a6)
28.9.2022, 0:54:50 - DEBUG - gig.controller: Getting Gigs (userId: 632c43783a61d9514f43f4a6)
28.9.2022, 0:54:50 - DEBUG - gig.service: Finding Gigs (userId: 632c43783a61d9514f43f4a6)
28.9.2022, 0:58:12 - INFO - Socket disconnected [id: 7V1GzPqKCWZttk1oAAAD] 
28.9.2022, 0:58:12 - INFO - New connected socket [id: 1gEhaOAnqrKd-M_1AAAF] 
28.9.2022, 0:58:12 - DEBUG - gig.controller: Getting Gigs (userId: 632c43783a61d9514f43f4a6)
28.9.2022, 0:58:12 - DEBUG - gig.service: Finding Gigs (userId: 632c43783a61d9514f43f4a6)
28.9.2022, 0:58:32 - DEBUG - gig.service: Finding Gig (userId: 632c43783a61d9514f43f4a6)
28.9.2022, 0:58:34 - DEBUG - gig.controller: Getting Gigs (userId: 632c43783a61d9514f43f4a6)
28.9.2022, 0:58:34 - DEBUG - gig.service: Finding Gigs (userId: 632c43783a61d9514f43f4a6)
28.9.2022, 0:58:36 - DEBUG - gig.service: Finding Gig (userId: 632c43783a61d9514f43f4a6)
28.9.2022, 0:59:45 - DEBUG - auth.service - login with username: barak (userId: 632c43783a61d9514f43f4a6)
28.9.2022, 0:59:45 - INFO - User login:  | {"_id":"63334680b57f6a7f5753499d","username":"barak","fullname":"Barak Kaldess","imgUrl":"https://res.cloudinary.com/dalkffrhf/image/upload/v1663842757/Fiverr-Sprint-4/imgs/saillor_barak-square_zrgmkh.png","balance":100,"level":"premium","rate":5,"isAdmin":true} (userId: 632c43783a61d9514f43f4a6)
28.9.2022, 0:59:45 - INFO - Setting socket.userId = 63334680b57f6a7f5753499d for socket [id: 1gEhaOAnqrKd-M_1AAAF] 
28.9.2022, 0:59:57 - DEBUG - gig.controller: Getting Gigs (userId: 63334680b57f6a7f5753499d)
28.9.2022, 0:59:57 - DEBUG - gig.service: Finding Gigs (userId: 63334680b57f6a7f5753499d)
28.9.2022, 1:00:02 - DEBUG - gig.service: Finding Gig (userId: 63334680b57f6a7f5753499d)
28.9.2022, 1:00:13 - DEBUG - {"seller":{"_id":"632c3a430618b7023ab7af92","fullname":"Roy Yam"},"buyer":{"_id":"63334680b57f6a7f5753499d","fullname":"Barak Kaldess"},"gig":{"_id":"63335a6720d49c508444327e","title":"make self portrait of anything you want","daysToMake":6,"price":420,"plan":"full blown masterpiece"},"status":"pending","createdAt":1664316013398} (userId: 63334680b57f6a7f5753499d)
28.9.2022, 1:00:13 - INFO - New order sent to 632c3a430618b7023ab7af92 
28.9.2022, 1:00:13 - INFO - No active socket for user: 632c3a430618b7023ab7af92 
28.9.2022, 1:00:36 - INFO - Socket disconnected [id: Oud6wEJHyoiw8XEJAAAB] 
28.9.2022, 1:00:44 - DEBUG - gig.controller: Getting Gigs (userId: 63334680b57f6a7f5753499d)
28.9.2022, 1:00:44 - DEBUG - gig.service: Finding Gigs (userId: 63334680b57f6a7f5753499d)
28.9.2022, 1:00:46 - INFO - Socket disconnected [id: 1gEhaOAnqrKd-M_1AAAF] 
28.9.2022, 1:00:46 - INFO - New connected socket [id: lZpQe6zfBb5MG00CAAAH] 
28.9.2022, 1:00:47 - INFO - Setting socket.userId = 63334680b57f6a7f5753499d for socket [id: lZpQe6zfBb5MG00CAAAH] 
28.9.2022, 1:03:01 - DEBUG - gig.service: Adding Gig (userId: 63334680b57f6a7f5753499d)
28.9.2022, 1:03:03 - DEBUG - gig.controller: Getting Gigs (userId: 63334680b57f6a7f5753499d)
28.9.2022, 1:03:03 - DEBUG - gig.service: Finding Gigs (userId: 63334680b57f6a7f5753499d)
28.9.2022, 1:03:06 - DEBUG - gig.service: Finding Gig (userId: 63334680b57f6a7f5753499d)
28.9.2022, 1:03:09 - DEBUG - gig.controller: Getting Gigs (userId: 63334680b57f6a7f5753499d)
28.9.2022, 1:03:09 - DEBUG - gig.service: Finding Gigs (userId: 63334680b57f6a7f5753499d)
28.9.2022, 1:03:12 - DEBUG - gig.service: Finding Gig (userId: 63334680b57f6a7f5753499d)
28.9.2022, 1:03:13 - DEBUG - gig.service: Finding Gigs (userId: 63334680b57f6a7f5753499d)
28.9.2022, 1:03:13 - DEBUG - gig.controller: Getting Gigs (userId: 63334680b57f6a7f5753499d)
28.9.2022, 1:03:20 - DEBUG - gig.service: Finding Gig (userId: 63334680b57f6a7f5753499d)
28.9.2022, 1:03:29 - DEBUG - gig.controller: Getting Gigs (userId: 63334680b57f6a7f5753499d)
28.9.2022, 1:03:29 - DEBUG - gig.service: Finding Gigs (userId: 63334680b57f6a7f5753499d)
28.9.2022, 1:03:29 - DEBUG - gig.controller: Getting Gigs (userId: 63334680b57f6a7f5753499d)
28.9.2022, 1:03:29 - DEBUG - gig.service: Finding Gigs (userId: 63334680b57f6a7f5753499d)
28.9.2022, 1:03:30 - DEBUG - gig.controller: Getting Gigs (userId: 63334680b57f6a7f5753499d)
28.9.2022, 1:03:30 - DEBUG - gig.service: Finding Gigs (userId: 63334680b57f6a7f5753499d)
28.9.2022, 1:03:30 - DEBUG - gig.service: Finding Gigs (userId: 63334680b57f6a7f5753499d)
28.9.2022, 1:03:30 - DEBUG - gig.controller: Getting Gigs (userId: 63334680b57f6a7f5753499d)
28.9.2022, 1:03:31 - DEBUG - gig.service: Finding Gigs (userId: 63334680b57f6a7f5753499d)
28.9.2022, 1:03:31 - DEBUG - gig.controller: Getting Gigs (userId: 63334680b57f6a7f5753499d)
28.9.2022, 1:03:33 - DEBUG - gig.controller: Getting Gigs (userId: 63334680b57f6a7f5753499d)
28.9.2022, 1:03:33 - DEBUG - gig.service: Finding Gigs (userId: 63334680b57f6a7f5753499d)
28.9.2022, 1:03:35 - DEBUG - gig.controller: Getting Gigs (userId: 63334680b57f6a7f5753499d)
28.9.2022, 1:03:35 - DEBUG - gig.service: Finding Gigs (userId: 63334680b57f6a7f5753499d)
28.9.2022, 1:07:09 - DEBUG - gig.service: Finding Gig (userId: 63334680b57f6a7f5753499d)
28.9.2022, 1:08:30 - DEBUG - gig.controller: Getting Gigs (userId: 63334680b57f6a7f5753499d)
28.9.2022, 1:08:30 - DEBUG - gig.service: Finding Gigs (userId: 63334680b57f6a7f5753499d)
28.9.2022, 1:08:38 - DEBUG - gig.service: Finding Gig (userId: 63334680b57f6a7f5753499d)
28.9.2022, 1:08:45 - DEBUG - gig.controller: Getting Gigs (userId: 63334680b57f6a7f5753499d)
28.9.2022, 1:08:45 - DEBUG - gig.service: Finding Gigs (userId: 63334680b57f6a7f5753499d)
28.9.2022, 1:09:05 - DEBUG - gig.service: Finding Gig (userId: 63334680b57f6a7f5753499d)
28.9.2022, 1:09:12 - INFO - Socket disconnected [id: lZpQe6zfBb5MG00CAAAH] 
28.9.2022, 1:09:13 - INFO - New connected socket [id: 3aI1NbbVeAQOmqC0AAAJ] 
28.9.2022, 1:09:13 - DEBUG - gig.service: Finding Gig (userId: 63334680b57f6a7f5753499d)
28.9.2022, 1:09:13 - INFO - Setting socket.userId = 63334680b57f6a7f5753499d for socket [id: 3aI1NbbVeAQOmqC0AAAJ] 
28.9.2022, 1:09:30 - DEBUG - gig.controller: Getting Gigs (userId: 63334680b57f6a7f5753499d)
28.9.2022, 1:09:30 - DEBUG - gig.service: Finding Gigs (userId: 63334680b57f6a7f5753499d)
28.9.2022, 1:09:39 - INFO - Socket disconnected [id: 3aI1NbbVeAQOmqC0AAAJ] 
28.9.2022, 1:09:39 - INFO - New connected socket [id: SwMU2SEGM3Om3w0QAAAL] 
28.9.2022, 1:09:40 - INFO - Setting socket.userId = 63334680b57f6a7f5753499d for socket [id: SwMU2SEGM3Om3w0QAAAL] 
28.9.2022, 1:10:00 - INFO - Socket disconnected [id: SwMU2SEGM3Om3w0QAAAL] 
28.9.2022, 1:10:00 - INFO - New connected socket [id: pk-HZKF_QaHfKzEfAAAN] 
28.9.2022, 1:10:01 - INFO - Setting socket.userId = 63334680b57f6a7f5753499d for socket [id: pk-HZKF_QaHfKzEfAAAN] 
28.9.2022, 1:10:25 - INFO - New chat msg from socket [id: pk-HZKF_QaHfKzEfAAAN], emitting to room undefined 
28.9.2022, 1:10:25 - INFO - No active socket for user: 632c3a430618b7023ab7af92 
28.9.2022, 1:10:28 - INFO - New chat msg from socket [id: pk-HZKF_QaHfKzEfAAAN], emitting to room undefined 
28.9.2022, 1:10:28 - INFO - No active socket for user: 632c3a430618b7023ab7af92 
28.9.2022, 1:10:49 - DEBUG - gig.controller: Getting Gigs (userId: 63334680b57f6a7f5753499d)
28.9.2022, 1:10:49 - DEBUG - gig.service: Finding Gigs (userId: 63334680b57f6a7f5753499d)
28.9.2022, 1:14:41 - INFO - Socket disconnected [id: pk-HZKF_QaHfKzEfAAAN] 
28.9.2022, 1:14:42 - DEBUG - gig.controller: Getting Gigs (userId: 63334680b57f6a7f5753499d)
28.9.2022, 1:14:42 - DEBUG - gig.service: Finding Gigs (userId: 63334680b57f6a7f5753499d)
28.9.2022, 1:14:42 - INFO - New connected socket [id: 3fcQnuTaF_kGlC3NAAAP] 
28.9.2022, 1:14:42 - INFO - Setting socket.userId = 63334680b57f6a7f5753499d for socket [id: 3fcQnuTaF_kGlC3NAAAP] 
28.9.2022, 1:14:45 - DEBUG - gig.controller: Getting Gigs (userId: 63334680b57f6a7f5753499d)
28.9.2022, 1:14:45 - DEBUG - gig.service: Finding Gigs (userId: 63334680b57f6a7f5753499d)
28.9.2022, 1:18:56 - DEBUG - gig.service: Finding Gig (userId: 63334680b57f6a7f5753499d)
28.9.2022, 1:19:08 - DEBUG - gig.service: Finding Gig (userId: 63334680b57f6a7f5753499d)
28.9.2022, 2:01:04 - DEBUG - gig.service: Finding Gig (userId: 63334680b57f6a7f5753499d)
28.9.2022, 2:01:41 - DEBUG - gig.service: Finding Gig (userId: 63334680b57f6a7f5753499d)
28.9.2022, 2:12:23 - DEBUG - gig.controller: Getting Gigs (userId: 63334680b57f6a7f5753499d)
28.9.2022, 2:12:23 - DEBUG - gig.service: Finding Gigs (userId: 63334680b57f6a7f5753499d)
28.9.2022, 2:16:24 - DEBUG - gig.service: Finding Gig (userId: 63334680b57f6a7f5753499d)
28.9.2022, 2:17:01 - DEBUG - gig.service: Finding Gig (userId: 63334680b57f6a7f5753499d)
28.9.2022, 2:17:21 - DEBUG - gig.service: Finding Gig (userId: 63334680b57f6a7f5753499d)
28.9.2022, 2:17:39 - DEBUG - gig.controller: Getting Gigs (userId: 63334680b57f6a7f5753499d)
28.9.2022, 2:17:39 - DEBUG - gig.service: Finding Gigs (userId: 63334680b57f6a7f5753499d)
28.9.2022, 2:20:18 - DEBUG - gig.controller: Getting Gigs (userId: 63334680b57f6a7f5753499d)
28.9.2022, 2:20:18 - DEBUG - gig.service: Finding Gigs (userId: 63334680b57f6a7f5753499d)
28.9.2022, 2:20:19 - DEBUG - gig.service: Finding Gig (userId: 63334680b57f6a7f5753499d)
28.9.2022, 2:23:40 - DEBUG - gig.service: Finding Gig (userId: 63334680b57f6a7f5753499d)
28.9.2022, 2:23:42 - DEBUG - gig.service: Finding Gig (userId: 63334680b57f6a7f5753499d)
28.9.2022, 2:23:56 - DEBUG - gig.service: Finding Gig (userId: 63334680b57f6a7f5753499d)
28.9.2022, 2:24:34 - DEBUG - gig.service: Finding Gig (userId: 63334680b57f6a7f5753499d)
28.9.2022, 2:25:00 - DEBUG - gig.service: Finding Gig (userId: 63334680b57f6a7f5753499d)
28.9.2022, 2:29:21 - DEBUG - gig.service: Finding Gig (userId: 63334680b57f6a7f5753499d)
28.9.2022, 2:29:57 - DEBUG - gig.service: Finding Gig (userId: 63334680b57f6a7f5753499d)
28.9.2022, 2:31:26 - DEBUG - gig.controller: Getting Gigs (userId: 63334680b57f6a7f5753499d)
28.9.2022, 2:31:26 - DEBUG - gig.service: Finding Gigs (userId: 63334680b57f6a7f5753499d)
28.9.2022, 2:31:31 - DEBUG - gig.service: Finding Gig (userId: 63334680b57f6a7f5753499d)
28.9.2022, 2:33:02 - INFO - Socket disconnected [id: 3fcQnuTaF_kGlC3NAAAP] 
28.9.2022, 2:33:03 - INFO - New connected socket [id: eQroC3v1dmRPPw5PAAAR] 
28.9.2022, 2:33:03 - DEBUG - gig.controller: Getting Gigs (userId: 63334680b57f6a7f5753499d)
28.9.2022, 2:33:03 - DEBUG - gig.service: Finding Gigs (userId: 63334680b57f6a7f5753499d)
28.9.2022, 2:33:04 - INFO - Setting socket.userId = 63334680b57f6a7f5753499d for socket [id: eQroC3v1dmRPPw5PAAAR] 
28.9.2022, 2:33:05 - DEBUG - gig.service: Finding Gig (userId: 63334680b57f6a7f5753499d)
28.9.2022, 2:33:40 - DEBUG - gig.service: Finding Gig (userId: 63334680b57f6a7f5753499d)
28.9.2022, 2:34:13 - DEBUG - gig.service: Finding Gig (userId: 63334680b57f6a7f5753499d)
28.9.2022, 2:34:16 - DEBUG - {"seller":{"fullname":"scriptrx"},"buyer":{"_id":"63334680b57f6a7f5753499d","fullname":"Barak Kaldess"},"gig":{"_id":"63334652b57f6a7f57532d07","title":"I will provide notes and analysis on your screenplay or TV script","daysToMake":7,"price":80,"plan":"Better notes"},"status":"pending","createdAt":1664321656924} (userId: 63334680b57f6a7f5753499d)
28.9.2022, 2:34:17 - INFO - New order sent to null 
28.9.2022, 2:34:25 - DEBUG - gig.controller: Getting Gigs (userId: 63334680b57f6a7f5753499d)
28.9.2022, 2:34:25 - DEBUG - gig.service: Finding Gigs (userId: 63334680b57f6a7f5753499d)
28.9.2022, 2:34:26 - DEBUG - gig.service: Finding Gig (userId: 63334680b57f6a7f5753499d)
28.9.2022, 2:34:29 - INFO - Change Order Status 
28.9.2022, 2:34:30 - INFO - Change Order Status 
28.9.2022, 2:34:30 - INFO - No active socket for user: 632c3a430618b7023ab7af92 
28.9.2022, 2:34:32 - INFO - Socket disconnected [id: eQroC3v1dmRPPw5PAAAR] 
28.9.2022, 2:34:33 - DEBUG - gig.controller: Getting Gigs (userId: 63334680b57f6a7f5753499d)
28.9.2022, 2:34:33 - DEBUG - gig.service: Finding Gigs (userId: 63334680b57f6a7f5753499d)
28.9.2022, 2:34:33 - INFO - New connected socket [id: DVwWo1n1nz-FoKA_AAAT] 
28.9.2022, 2:34:33 - INFO - Setting socket.userId = 63334680b57f6a7f5753499d for socket [id: DVwWo1n1nz-FoKA_AAAT] 
28.9.2022, 2:34:34 - DEBUG - gig.service: Finding Gigs (userId: 63334680b57f6a7f5753499d)
28.9.2022, 2:34:34 - DEBUG - gig.controller: Getting Gigs (userId: 63334680b57f6a7f5753499d)
28.9.2022, 2:34:59 - DEBUG - gig.service: Finding Gig (userId: 63334680b57f6a7f5753499d)
28.9.2022, 2:35:02 - DEBUG - {"seller":{"fullname":"scriptrx"},"buyer":{"_id":"63334680b57f6a7f5753499d","fullname":"Barak Kaldess"},"gig":{"_id":"63334652b57f6a7f57532d07","title":"I will provide notes and analysis on your screenplay or TV script","daysToMake":7,"price":65,"plan":"Basic notes"},"status":"pending","createdAt":1664321702783} (userId: 63334680b57f6a7f5753499d)
28.9.2022, 2:35:02 - INFO - New order sent to null 
28.9.2022, 2:35:11 - INFO - Change Order Status 
28.9.2022, 2:35:14 - INFO - Socket disconnected [id: DVwWo1n1nz-FoKA_AAAT] 
28.9.2022, 2:35:15 - DEBUG - gig.controller: Getting Gigs (userId: 63334680b57f6a7f5753499d)
28.9.2022, 2:35:15 - INFO - New connected socket [id: pv3bCtw37NEh1jF0AAAV] 
28.9.2022, 2:35:15 - DEBUG - gig.service: Finding Gigs (userId: 63334680b57f6a7f5753499d)
28.9.2022, 2:35:15 - INFO - Setting socket.userId = 63334680b57f6a7f5753499d for socket [id: pv3bCtw37NEh1jF0AAAV] 
28.9.2022, 2:35:32 - DEBUG - gig.service: Finding Gigs (userId: 63334680b57f6a7f5753499d)
28.9.2022, 2:35:32 - DEBUG - gig.controller: Getting Gigs (userId: 63334680b57f6a7f5753499d)
28.9.2022, 2:35:35 - DEBUG - gig.service: Finding Gig (userId: 63334680b57f6a7f5753499d)
28.9.2022, 2:35:41 - DEBUG - {"seller":{"_id":"632c3a430618b7023ab7af92","fullname":"Roy Yam"},"buyer":{"_id":"63334680b57f6a7f5753499d","fullname":"Barak Kaldess"},"gig":{"_id":"63335a6720d49c508444327e","title":"make self portrait of anything you want","daysToMake":6,"price":420,"plan":"full blown masterpiece"},"status":"pending","createdAt":1664321741933} (userId: 63334680b57f6a7f5753499d)
28.9.2022, 2:35:42 - INFO - New order sent to 632c3a430618b7023ab7af92 
28.9.2022, 2:35:42 - INFO - No active socket for user: 632c3a430618b7023ab7af92 
28.9.2022, 2:35:49 - INFO - Change Order Status 
28.9.2022, 2:35:49 - INFO - No active socket for user: 632c3a430618b7023ab7af92 
28.9.2022, 2:35:52 - INFO - Socket disconnected [id: pv3bCtw37NEh1jF0AAAV] 
28.9.2022, 2:35:53 - DEBUG - gig.controller: Getting Gigs (userId: 63334680b57f6a7f5753499d)
28.9.2022, 2:35:53 - DEBUG - gig.service: Finding Gigs (userId: 63334680b57f6a7f5753499d)
28.9.2022, 2:35:53 - INFO - New connected socket [id: bWkYl-cuyLESp0G4AAAX] 
28.9.2022, 2:35:53 - INFO - Setting socket.userId = 63334680b57f6a7f5753499d for socket [id: bWkYl-cuyLESp0G4AAAX] 
28.9.2022, 2:36:24 - DEBUG - gig.controller: Getting Gigs (userId: 63334680b57f6a7f5753499d)
28.9.2022, 2:36:24 - DEBUG - gig.service: Finding Gigs (userId: 63334680b57f6a7f5753499d)
28.9.2022, 2:36:26 - DEBUG - gig.service: Finding Gig (userId: 63334680b57f6a7f5753499d)
28.9.2022, 2:36:28 - DEBUG - gig.controller: Getting Gigs (userId: 63334680b57f6a7f5753499d)
28.9.2022, 2:36:28 - DEBUG - gig.service: Finding Gigs (userId: 63334680b57f6a7f5753499d)
28.9.2022, 2:36:30 - DEBUG - gig.service: Finding Gig (userId: 63334680b57f6a7f5753499d)
28.9.2022, 2:36:33 - DEBUG - {"seller":{"_id":"632c3a430618b7023ab7af92","fullname":"Roy Yam"},"buyer":{"_id":"63334680b57f6a7f5753499d","fullname":"Barak Kaldess"},"gig":{"_id":"63335a6720d49c508444327e","title":"make self portrait of anything you want","daysToMake":2,"price":69,"plan":"lineart + flatcolors"},"status":"pending","createdAt":1664321793698} (userId: 63334680b57f6a7f5753499d)
28.9.2022, 2:36:33 - INFO - New order sent to 632c3a430618b7023ab7af92 
28.9.2022, 2:36:33 - INFO - No active socket for user: 632c3a430618b7023ab7af92 
28.9.2022, 2:36:39 - INFO - Change Order Status 
28.9.2022, 2:36:39 - INFO - No active socket for user: 632c3a430618b7023ab7af92 
28.9.2022, 2:36:42 - DEBUG - gig.controller: Getting Gigs (userId: 63334680b57f6a7f5753499d)
28.9.2022, 2:36:42 - DEBUG - gig.service: Finding Gigs (userId: 63334680b57f6a7f5753499d)
28.9.2022, 2:37:41 - INFO - Socket disconnected [id: bWkYl-cuyLESp0G4AAAX] 
28.9.2022, 2:37:41 - DEBUG - gig.controller: Getting Gigs (userId: 63334680b57f6a7f5753499d)
28.9.2022, 2:37:41 - DEBUG - gig.service: Finding Gigs (userId: 63334680b57f6a7f5753499d)
28.9.2022, 2:37:41 - INFO - New connected socket [id: 8habkiK16btSzw2KAAAZ] 
28.9.2022, 2:37:41 - INFO - Setting socket.userId = 63334680b57f6a7f5753499d for socket [id: 8habkiK16btSzw2KAAAZ] 
28.9.2022, 2:37:45 - DEBUG - gig.controller: Getting Gigs 
28.9.2022, 2:37:45 - DEBUG - gig.service: Finding Gigs 
28.9.2022, 2:37:45 - INFO - New connected socket [id: DWCmFvDuAwywMw42AAAb] 
28.9.2022, 2:37:49 - DEBUG - auth.service - login with username: roy 
28.9.2022, 2:37:49 - ERROR - auth.controller: Failed to Login Invalid username or password 
28.9.2022, 2:37:49 - INFO - Socket disconnected [id: DWCmFvDuAwywMw42AAAb] 
28.9.2022, 2:37:49 - DEBUG - gig.controller: Getting Gigs 
28.9.2022, 2:37:49 - DEBUG - gig.service: Finding Gigs 
28.9.2022, 2:37:49 - INFO - New connected socket [id: ZSeQ9UZxIAAcxU9rAAAd] 
28.9.2022, 2:37:49 - DEBUG - gig.controller: Getting Gigs 
28.9.2022, 2:37:49 - DEBUG - gig.service: Finding Gigs 
28.9.2022, 2:37:51 - DEBUG - gig.controller: Getting Gigs (userId: 63334680b57f6a7f5753499d)
28.9.2022, 2:37:51 - DEBUG - gig.service: Finding Gigs (userId: 63334680b57f6a7f5753499d)
28.9.2022, 2:37:53 - DEBUG - gig.service: Finding Gig (userId: 63334680b57f6a7f5753499d)
28.9.2022, 2:37:57 - DEBUG - {"seller":{"_id":"632c3a430618b7023ab7af92","fullname":"Roy Yam"},"buyer":{"_id":"63334680b57f6a7f5753499d","fullname":"Barak Kaldess"},"gig":{"_id":"63335a6720d49c508444327e","title":"make self portrait of anything you want","daysToMake":2,"price":69,"plan":"lineart + flatcolors"},"status":"pending","createdAt":1664321877996} (userId: 63334680b57f6a7f5753499d)
28.9.2022, 2:37:58 - INFO - New order sent to 632c3a430618b7023ab7af92 
28.9.2022, 2:37:58 - INFO - No active socket for user: 632c3a430618b7023ab7af92 
28.9.2022, 2:38:18 - DEBUG - auth.service - login with username: null 
28.9.2022, 2:38:18 - ERROR - auth.controller: Failed to Login Invalid username or password 
28.9.2022, 2:38:18 - INFO - Socket disconnected [id: ZSeQ9UZxIAAcxU9rAAAd] 
28.9.2022, 2:38:18 - DEBUG - gig.controller: Getting Gigs 
28.9.2022, 2:38:18 - DEBUG - gig.service: Finding Gigs 
28.9.2022, 2:38:18 - INFO - New connected socket [id: fuKJ3Q7sALgsWKnIAAAf] 
28.9.2022, 2:38:18 - DEBUG - gig.controller: Getting Gigs 
28.9.2022, 2:38:18 - DEBUG - gig.service: Finding Gigs 
28.9.2022, 2:38:32 - DEBUG - auth.service - login with username: roy 
28.9.2022, 2:38:32 - ERROR - auth.controller: Failed to Login Invalid username or password 
28.9.2022, 2:38:32 - INFO - Socket disconnected [id: fuKJ3Q7sALgsWKnIAAAf] 
28.9.2022, 2:38:32 - DEBUG - gig.controller: Getting Gigs 
28.9.2022, 2:38:32 - DEBUG - gig.service: Finding Gigs 
28.9.2022, 2:38:32 - INFO - New connected socket [id: 5QhzNmwQAJc411yEAAAh] 
28.9.2022, 2:38:33 - DEBUG - gig.controller: Getting Gigs 
28.9.2022, 2:38:33 - DEBUG - gig.service: Finding Gigs 
28.9.2022, 2:38:52 - DEBUG - auth.service - login with username: elliot 
28.9.2022, 2:38:52 - INFO - User login:  | {"_id":"63334680b57f6a7f5753499c","username":"elliot","fullname":"Elliot Sherman","imgUrl":"https://cvhrma.org/wp-content/uploads/2015/07/default-profile-photo.jpg","level":"basic","rate":5,"balance":100,"isAdmin":true} 
28.9.2022, 2:38:52 - INFO - Setting socket.userId = 63334680b57f6a7f5753499c for socket [id: 5QhzNmwQAJc411yEAAAh] 
28.9.2022, 2:38:56 - DEBUG - gig.controller: Getting Gigs (userId: 63334680b57f6a7f5753499d)
28.9.2022, 2:38:56 - DEBUG - gig.service: Finding Gigs (userId: 63334680b57f6a7f5753499d)
28.9.2022, 2:38:59 - DEBUG - gig.controller: Getting Gigs (userId: 63334680b57f6a7f5753499d)
28.9.2022, 2:38:59 - DEBUG - gig.service: Finding Gigs (userId: 63334680b57f6a7f5753499d)
28.9.2022, 2:39:04 - DEBUG - gig.controller: Getting Gigs (userId: 63334680b57f6a7f5753499c)
28.9.2022, 2:39:04 - DEBUG - gig.service: Finding Gigs (userId: 63334680b57f6a7f5753499c)
28.9.2022, 2:39:06 - DEBUG - gig.service: Finding Gigs (userId: 63334680b57f6a7f5753499c)
28.9.2022, 2:39:06 - DEBUG - gig.controller: Getting Gigs (userId: 63334680b57f6a7f5753499c)
28.9.2022, 2:39:11 - DEBUG - gig.service: Finding Gig (userId: 63334680b57f6a7f5753499c)
28.9.2022, 2:39:14 - DEBUG - {"seller":{"_id":"63334680b57f6a7f5753499d","fullname":"Barak Kaldess"},"buyer":{"_id":"63334680b57f6a7f5753499c","fullname":"Elliot Sherman"},"gig":{"_id":"633373159343cac1ecc8e6ec","title":"Mix Your Tracks","daysToMake":3,"price":65,"plan":"Gold"},"status":"pending","createdAt":1664321954997} (userId: 63334680b57f6a7f5753499c)
28.9.2022, 2:39:15 - INFO - New order sent to 63334680b57f6a7f5753499d 
28.9.2022, 2:39:15 - INFO - Emiting event: new-order-recieved to user: 63334680b57f6a7f5753499d socket [id: 8habkiK16btSzw2KAAAZ] 
28.9.2022, 2:39:23 - INFO - Change Order Status 
28.9.2022, 2:39:23 - INFO - Emiting event: on-order-changed-status to user: 63334680b57f6a7f5753499c socket [id: 5QhzNmwQAJc411yEAAAh] 
28.9.2022, 2:39:41 - INFO - Change Order Status 
28.9.2022, 2:39:41 - INFO - Emiting event: on-order-changed-status to user: 63334680b57f6a7f5753499c socket [id: 5QhzNmwQAJc411yEAAAh] 
28.9.2022, 2:39:46 - INFO - Change Order Status 
28.9.2022, 2:39:46 - INFO - Emiting event: on-order-changed-status to user: 63334680b57f6a7f5753499d socket [id: 8habkiK16btSzw2KAAAZ] 
28.9.2022, 2:39:49 - DEBUG - gig.controller: Getting Gigs (userId: 63334680b57f6a7f5753499d)
28.9.2022, 2:39:49 - DEBUG - gig.service: Finding Gigs (userId: 63334680b57f6a7f5753499d)
28.9.2022, 2:39:53 - DEBUG - gig.controller: Getting Gigs (userId: 63334680b57f6a7f5753499d)
28.9.2022, 2:39:53 - DEBUG - gig.service: Finding Gigs (userId: 63334680b57f6a7f5753499d)
28.9.2022, 2:39:55 - DEBUG - gig.controller: Getting Gigs (userId: 63334680b57f6a7f5753499c)
28.9.2022, 2:39:55 - DEBUG - gig.service: Finding Gigs (userId: 63334680b57f6a7f5753499c)
28.9.2022, 2:40:00 - DEBUG - gig.service: Finding Gig (userId: 63334680b57f6a7f5753499c)
28.9.2022, 2:40:03 - DEBUG - {"seller":{"_id":"63334680b57f6a7f5753499d","fullname":"Barak Kaldess"},"buyer":{"_id":"63334680b57f6a7f5753499c","fullname":"Elliot Sherman"},"gig":{"_id":"633373159343cac1ecc8e6ec","title":"Mix Your Tracks","daysToMake":2,"price":35,"plan":"Silver"},"status":"pending","createdAt":1664322003824} (userId: 63334680b57f6a7f5753499c)
28.9.2022, 2:40:03 - INFO - New order sent to 63334680b57f6a7f5753499d 
28.9.2022, 2:40:03 - INFO - Emiting event: new-order-recieved to user: 63334680b57f6a7f5753499d socket [id: 8habkiK16btSzw2KAAAZ] 
28.9.2022, 2:40:10 - INFO - Change Order Status 
28.9.2022, 2:40:10 - INFO - Emiting event: on-order-changed-status to user: 63334680b57f6a7f5753499c socket [id: 5QhzNmwQAJc411yEAAAh] 
28.9.2022, 2:40:40 - INFO - Removing socket.userId for socket [id: 5QhzNmwQAJc411yEAAAh] 
28.9.2022, 2:40:40 - DEBUG - gig.controller: Getting Gigs 
28.9.2022, 2:40:40 - DEBUG - gig.service: Finding Gigs 
28.9.2022, 2:40:48 - DEBUG - auth.service - login with username: elliot 
28.9.2022, 2:40:48 - INFO - User login:  | {"_id":"63334680b57f6a7f5753499c","username":"elliot","fullname":"Elliot Sherman","imgUrl":"https://cvhrma.org/wp-content/uploads/2015/07/default-profile-photo.jpg","level":"basic","rate":5,"balance":100,"isAdmin":true} 
28.9.2022, 2:40:48 - INFO - Setting socket.userId = 63334680b57f6a7f5753499c for socket [id: 5QhzNmwQAJc411yEAAAh] 
28.9.2022, 2:40:58 - INFO - Removing socket.userId for socket [id: 8habkiK16btSzw2KAAAZ] 
28.9.2022, 2:40:58 - DEBUG - gig.service: Finding Gigs 
28.9.2022, 2:40:58 - DEBUG - gig.controller: Getting Gigs 
28.9.2022, 2:41:03 - DEBUG - auth.service - login with username: barak 
28.9.2022, 2:41:04 - INFO - User login:  | {"_id":"63334680b57f6a7f5753499d","username":"barak","fullname":"Barak Kaldess","imgUrl":"https://res.cloudinary.com/dalkffrhf/image/upload/v1663842757/Fiverr-Sprint-4/imgs/saillor_barak-square_zrgmkh.png","balance":100,"level":"premium","rate":5,"isAdmin":true} 
28.9.2022, 2:41:04 - INFO - Setting socket.userId = 63334680b57f6a7f5753499d for socket [id: 8habkiK16btSzw2KAAAZ] 
28.9.2022, 2:41:17 - INFO - Change Order Status 
28.9.2022, 2:41:17 - INFO - Emiting event: on-order-changed-status to user: 63334680b57f6a7f5753499c socket [id: 5QhzNmwQAJc411yEAAAh] 
28.9.2022, 2:41:22 - DEBUG - gig.service: Finding Gigs (userId: 63334680b57f6a7f5753499d)
28.9.2022, 2:41:22 - DEBUG - gig.controller: Getting Gigs (userId: 63334680b57f6a7f5753499d)
28.9.2022, 2:41:23 - DEBUG - gig.controller: Getting Gigs (userId: 63334680b57f6a7f5753499c)
28.9.2022, 2:41:23 - DEBUG - gig.service: Finding Gigs (userId: 63334680b57f6a7f5753499c)
28.9.2022, 2:41:24 - INFO - Removing socket.userId for socket [id: 5QhzNmwQAJc411yEAAAh] 
28.9.2022, 2:41:24 - DEBUG - gig.controller: Getting Gigs (userId: 63334680b57f6a7f5753499c)
28.9.2022, 2:41:24 - DEBUG - gig.service: Finding Gigs (userId: 63334680b57f6a7f5753499c)
28.9.2022, 2:41:25 - INFO - Removing socket.userId for socket [id: 8habkiK16btSzw2KAAAZ] 
28.9.2022, 2:41:25 - DEBUG - gig.controller: Getting Gigs (userId: 63334680b57f6a7f5753499d)
28.9.2022, 2:41:25 - DEBUG - gig.service: Finding Gigs (userId: 63334680b57f6a7f5753499d)
28.9.2022, 2:41:30 - DEBUG - auth.service - login with username: barak 
28.9.2022, 2:41:30 - INFO - User login:  | {"_id":"63334680b57f6a7f5753499d","username":"barak","fullname":"Barak Kaldess","imgUrl":"https://res.cloudinary.com/dalkffrhf/image/upload/v1663842757/Fiverr-Sprint-4/imgs/saillor_barak-square_zrgmkh.png","balance":100,"level":"premium","rate":5,"isAdmin":true} 
28.9.2022, 2:41:30 - INFO - Setting socket.userId = 63334680b57f6a7f5753499d for socket [id: 8habkiK16btSzw2KAAAZ] 
28.9.2022, 2:41:35 - DEBUG - auth.service - login with username: elliot 
28.9.2022, 2:41:35 - INFO - User login:  | {"_id":"63334680b57f6a7f5753499c","username":"elliot","fullname":"Elliot Sherman","imgUrl":"https://cvhrma.org/wp-content/uploads/2015/07/default-profile-photo.jpg","level":"basic","rate":5,"balance":100,"isAdmin":true} 
28.9.2022, 2:41:35 - INFO - Setting socket.userId = 63334680b57f6a7f5753499c for socket [id: 5QhzNmwQAJc411yEAAAh] 
28.9.2022, 2:41:43 - INFO - Change Order Status 
28.9.2022, 2:41:43 - INFO - Emiting event: on-order-changed-status to user: 63334680b57f6a7f5753499d socket [id: 8habkiK16btSzw2KAAAZ] 
28.9.2022, 2:42:22 - INFO - Socket disconnected [id: 5QhzNmwQAJc411yEAAAh] 
28.9.2022, 2:42:25 - INFO - Socket disconnected [id: 8habkiK16btSzw2KAAAZ] 
28.9.2022, 2:42:26 - DEBUG - gig.controller: Getting Gigs (userId: 63334680b57f6a7f5753499d)
28.9.2022, 2:42:26 - DEBUG - gig.service: Finding Gigs (userId: 63334680b57f6a7f5753499d)
28.9.2022, 2:42:26 - INFO - New connected socket [id: FI2FUsKHLJ5Fvi0nAAAj] 
28.9.2022, 2:42:26 - INFO - Setting socket.userId = 63334680b57f6a7f5753499d for socket [id: FI2FUsKHLJ5Fvi0nAAAj] 
28.9.2022, 2:42:36 - INFO - Socket disconnected [id: FI2FUsKHLJ5Fvi0nAAAj] 
28.9.2022, 2:42:36 - DEBUG - gig.controller: Getting Gigs (userId: 63334680b57f6a7f5753499d)
28.9.2022, 2:42:36 - INFO - New connected socket [id: Mzfdt7SEw2WPXKZdAAAl] 
28.9.2022, 2:42:36 - DEBUG - gig.service: Finding Gigs (userId: 63334680b57f6a7f5753499d)
28.9.2022, 2:42:36 - INFO - Setting socket.userId = 63334680b57f6a7f5753499d for socket [id: Mzfdt7SEw2WPXKZdAAAl] 
28.9.2022, 2:42:39 - DEBUG - gig.controller: Getting Gigs (userId: 63334680b57f6a7f5753499d)
28.9.2022, 2:42:39 - DEBUG - gig.service: Finding Gigs (userId: 63334680b57f6a7f5753499d)
28.9.2022, 2:42:58 - DEBUG - gig.controller: Getting Gigs (userId: 63334680b57f6a7f5753499d)
28.9.2022, 2:42:58 - DEBUG - gig.service: Finding Gigs (userId: 63334680b57f6a7f5753499d)
28.9.2022, 2:43:02 - DEBUG - gig.service: Finding Gig (userId: 63334680b57f6a7f5753499d)
28.9.2022, 2:43:09 - INFO - Socket disconnected [id: Mzfdt7SEw2WPXKZdAAAl] 
28.9.2022, 2:43:09 - INFO - New connected socket [id: 0e0RFQzC85h1Dm4hAAAn] 
28.9.2022, 2:43:09 - DEBUG - gig.service: Finding Gigs (userId: 63334680b57f6a7f5753499d)
28.9.2022, 2:43:09 - DEBUG - gig.controller: Getting Gigs (userId: 63334680b57f6a7f5753499d)
28.9.2022, 2:43:10 - INFO - Setting socket.userId = 63334680b57f6a7f5753499d for socket [id: 0e0RFQzC85h1Dm4hAAAn] 
28.9.2022, 2:43:27 - DEBUG - gig.controller: Getting Gigs (userId: 63334680b57f6a7f5753499d)
28.9.2022, 2:43:27 - DEBUG - gig.service: Finding Gigs (userId: 63334680b57f6a7f5753499d)
28.9.2022, 2:44:28 - INFO - New connected socket [id: bwXBKjnBg7mXKnPmAAAp] 
28.9.2022, 2:44:28 - DEBUG - gig.controller: Getting Gigs 
28.9.2022, 2:44:28 - DEBUG - gig.service: Finding Gigs 
28.9.2022, 2:44:33 - DEBUG - auth.service - login with username: elliot 
28.9.2022, 2:44:33 - INFO - User login:  | {"_id":"63334680b57f6a7f5753499c","username":"elliot","fullname":"Elliot Sherman","imgUrl":"https://cvhrma.org/wp-content/uploads/2015/07/default-profile-photo.jpg","level":"basic","rate":5,"balance":100,"isAdmin":true} 
28.9.2022, 2:44:33 - INFO - Setting socket.userId = 63334680b57f6a7f5753499c for socket [id: bwXBKjnBg7mXKnPmAAAp] 
28.9.2022, 2:44:35 - DEBUG - gig.service: Finding Gig (userId: 63334680b57f6a7f5753499c)
28.9.2022, 2:44:38 - DEBUG - {"seller":{"_id":"63334680b57f6a7f5753499d","fullname":"Barak Kaldess"},"buyer":{"_id":"63334680b57f6a7f5753499c","fullname":"Elliot Sherman"},"gig":{"_id":"633373159343cac1ecc8e6ec","title":"Mix Your Tracks","daysToMake":2,"price":35,"plan":"Silver"},"status":"pending","createdAt":1664322278583} (userId: 63334680b57f6a7f5753499c)
28.9.2022, 2:44:38 - INFO - New order sent to 63334680b57f6a7f5753499d 
28.9.2022, 2:44:38 - INFO - Emiting event: new-order-recieved to user: 63334680b57f6a7f5753499d socket [id: 0e0RFQzC85h1Dm4hAAAn] 
28.9.2022, 2:44:50 - INFO - Change Order Status 
28.9.2022, 2:44:50 - INFO - Emiting event: on-order-changed-status to user: 63334680b57f6a7f5753499c socket [id: bwXBKjnBg7mXKnPmAAAp] 
28.9.2022, 2:44:52 - INFO - Change Order Status 
28.9.2022, 2:44:52 - INFO - Emiting event: on-order-changed-status to user: 63334680b57f6a7f5753499c socket [id: bwXBKjnBg7mXKnPmAAAp] 
28.9.2022, 2:44:54 - INFO - Emiting event: on-order-changed-status to user: 63334680b57f6a7f5753499d socket [id: 0e0RFQzC85h1Dm4hAAAn] 
28.9.2022, 2:44:54 - INFO - Change Order Status 
28.9.2022, 2:45:03 - DEBUG - gig.controller: Getting Gigs (userId: 63334680b57f6a7f5753499d)
28.9.2022, 2:45:03 - DEBUG - gig.service: Finding Gigs (userId: 63334680b57f6a7f5753499d)
28.9.2022, 2:45:04 - DEBUG - gig.controller: Getting Gigs (userId: 63334680b57f6a7f5753499c)
28.9.2022, 2:45:04 - DEBUG - gig.service: Finding Gigs (userId: 63334680b57f6a7f5753499c)
28.9.2022, 2:45:05 - DEBUG - gig.service: Finding Gig (userId: 63334680b57f6a7f5753499c)
28.9.2022, 2:45:09 - DEBUG - {"seller":{"_id":"63334680b57f6a7f5753499d","fullname":"Barak Kaldess"},"buyer":{"_id":"63334680b57f6a7f5753499c","fullname":"Elliot Sherman"},"gig":{"_id":"633373159343cac1ecc8e6ec","title":"Mix Your Tracks","daysToMake":3,"price":120,"plan":"Diamond"},"status":"pending","createdAt":1664322309447} (userId: 63334680b57f6a7f5753499c)
28.9.2022, 2:45:09 - INFO - New order sent to 63334680b57f6a7f5753499d 
28.9.2022, 2:45:09 - INFO - Emiting event: new-order-recieved to user: 63334680b57f6a7f5753499d socket [id: 0e0RFQzC85h1Dm4hAAAn] 
28.9.2022, 2:45:13 - INFO - Change Order Status 
28.9.2022, 2:45:13 - INFO - Emiting event: on-order-changed-status to user: 63334680b57f6a7f5753499c socket [id: bwXBKjnBg7mXKnPmAAAp] 
28.9.2022, 2:45:19 - INFO - Change Order Status 
28.9.2022, 2:45:19 - INFO - Emiting event: on-order-changed-status to user: 63334680b57f6a7f5753499c socket [id: bwXBKjnBg7mXKnPmAAAp] 
28.9.2022, 2:45:22 - INFO - Change Order Status 
28.9.2022, 2:45:22 - INFO - Emiting event: on-order-changed-status to user: 63334680b57f6a7f5753499d socket [id: 0e0RFQzC85h1Dm4hAAAn] 
28.9.2022, 2:45:26 - INFO - Socket disconnected [id: 0e0RFQzC85h1Dm4hAAAn] 
28.9.2022, 2:45:27 - DEBUG - gig.controller: Getting Gigs (userId: 63334680b57f6a7f5753499d)
28.9.2022, 2:45:27 - DEBUG - gig.service: Finding Gigs (userId: 63334680b57f6a7f5753499d)
28.9.2022, 2:45:27 - INFO - New connected socket [id: BmpOBq4cLG6QbTyZAAAr] 
28.9.2022, 2:45:27 - INFO - Setting socket.userId = 63334680b57f6a7f5753499d for socket [id: BmpOBq4cLG6QbTyZAAAr] 
28.9.2022, 2:45:29 - DEBUG - gig.controller: Getting Gigs (userId: 63334680b57f6a7f5753499c)
28.9.2022, 2:45:29 - DEBUG - gig.service: Finding Gigs (userId: 63334680b57f6a7f5753499c)
28.9.2022, 2:45:40 - INFO - Socket disconnected [id: bwXBKjnBg7mXKnPmAAAp] 
28.9.2022, 2:45:41 - INFO - New connected socket [id: 88t8IN47wOQAxraeAAAt] 
28.9.2022, 2:45:41 - INFO - Setting socket.userId = 63334680b57f6a7f5753499c for socket [id: 88t8IN47wOQAxraeAAAt] 
28.9.2022, 2:45:45 - INFO - Socket disconnected [id: BmpOBq4cLG6QbTyZAAAr] 
28.9.2022, 2:45:45 - INFO - New connected socket [id: g0dYdHDaRSZKLGDVAAAv] 
28.9.2022, 2:45:45 - INFO - Setting socket.userId = 63334680b57f6a7f5753499d for socket [id: g0dYdHDaRSZKLGDVAAAv] 
28.9.2022, 2:45:48 - DEBUG - gig.controller: Getting Gigs (userId: 63334680b57f6a7f5753499c)
28.9.2022, 2:45:48 - DEBUG - gig.service: Finding Gigs (userId: 63334680b57f6a7f5753499c)
28.9.2022, 2:45:50 - DEBUG - gig.service: Finding Gig (userId: 63334680b57f6a7f5753499c)
28.9.2022, 2:45:53 - INFO - Socket disconnected [id: g0dYdHDaRSZKLGDVAAAv] 
28.9.2022, 2:45:53 - INFO - New connected socket [id: HHVjzTa-1C6p9a6yAAAx] 
28.9.2022, 2:45:53 - INFO - Setting socket.userId = 63334680b57f6a7f5753499d for socket [id: HHVjzTa-1C6p9a6yAAAx] 
28.9.2022, 2:45:57 - INFO - Socket disconnected [id: 88t8IN47wOQAxraeAAAt] 
28.9.2022, 2:45:57 - INFO - New connected socket [id: VClQQD83SldOryxzAAAz] 
28.9.2022, 2:45:58 - INFO - Setting socket.userId = 63334680b57f6a7f5753499c for socket [id: VClQQD83SldOryxzAAAz] 
28.9.2022, 2:45:59 - DEBUG - gig.controller: Getting Gigs (userId: 63334680b57f6a7f5753499c)
28.9.2022, 2:45:59 - DEBUG - gig.service: Finding Gigs (userId: 63334680b57f6a7f5753499c)
28.9.2022, 2:46:02 - DEBUG - gig.service: Finding Gig (userId: 63334680b57f6a7f5753499c)
28.9.2022, 2:46:32 - INFO - Socket disconnected [id: VClQQD83SldOryxzAAAz] 
28.9.2022, 2:46:36 - INFO - Socket disconnected [id: HHVjzTa-1C6p9a6yAAAx] 
28.9.2022, 2:46:36 - DEBUG - gig.controller: Getting Gigs (userId: 63334680b57f6a7f5753499d)
28.9.2022, 2:46:36 - DEBUG - gig.service: Finding Gigs (userId: 63334680b57f6a7f5753499d)
28.9.2022, 2:46:36 - INFO - New connected socket [id: OIic8zVaCUTaCTpbAAA1] 
28.9.2022, 2:46:37 - INFO - Setting socket.userId = 63334680b57f6a7f5753499d for socket [id: OIic8zVaCUTaCTpbAAA1] 
28.9.2022, 2:46:53 - INFO - Change Order Status 
28.9.2022, 2:46:53 - INFO - No active socket for user: 63334680b57f6a7f5753499c 
28.9.2022, 2:47:11 - INFO - Change Order Status 
28.9.2022, 2:47:11 - INFO - No active socket for user: 63334680b57f6a7f5753499c 
28.9.2022, 2:47:17 - INFO - Socket disconnected [id: OIic8zVaCUTaCTpbAAA1] 
28.9.2022, 2:47:18 - DEBUG - gig.controller: Getting Gigs (userId: 63334680b57f6a7f5753499d)
28.9.2022, 2:47:18 - DEBUG - gig.service: Finding Gigs (userId: 63334680b57f6a7f5753499d)
28.9.2022, 2:47:18 - INFO - New connected socket [id: xNh7-1rpQwxOvskUAAA3] 
28.9.2022, 2:47:18 - INFO - Setting socket.userId = 63334680b57f6a7f5753499d for socket [id: xNh7-1rpQwxOvskUAAA3] 
28.9.2022, 2:47:50 - INFO - Socket disconnected [id: xNh7-1rpQwxOvskUAAA3] 
28.9.2022, 2:47:51 - DEBUG - gig.controller: Getting Gigs (userId: 63334680b57f6a7f5753499d)
28.9.2022, 2:47:51 - DEBUG - gig.service: Finding Gigs (userId: 63334680b57f6a7f5753499d)
28.9.2022, 2:47:51 - INFO - New connected socket [id: uQGkvQZdSEJkGrT5AAA5] 
28.9.2022, 2:47:51 - INFO - Setting socket.userId = 63334680b57f6a7f5753499d for socket [id: uQGkvQZdSEJkGrT5AAA5] 
28.9.2022, 2:48:03 - DEBUG - gig.controller: Getting Gigs (userId: 63334680b57f6a7f5753499d)
28.9.2022, 2:48:03 - DEBUG - gig.service: Finding Gigs (userId: 63334680b57f6a7f5753499d)
28.9.2022, 2:48:10 - DEBUG - gig.controller: Getting Gigs (userId: 63334680b57f6a7f5753499d)
28.9.2022, 2:48:10 - DEBUG - gig.service: Finding Gigs (userId: 63334680b57f6a7f5753499d)
28.9.2022, 2:48:12 - INFO - Socket disconnected [id: uQGkvQZdSEJkGrT5AAA5] 
28.9.2022, 2:48:12 - DEBUG - gig.service: Finding Gigs (userId: 63334680b57f6a7f5753499d)
28.9.2022, 2:48:12 - DEBUG - gig.controller: Getting Gigs (userId: 63334680b57f6a7f5753499d)
28.9.2022, 2:48:12 - INFO - New connected socket [id: P70uJuEEjoDzz3N1AAA7] 
28.9.2022, 2:48:12 - INFO - Setting socket.userId = 63334680b57f6a7f5753499d for socket [id: P70uJuEEjoDzz3N1AAA7] 
28.9.2022, 2:48:21 - DEBUG - gig.controller: Getting Gigs (userId: 63334680b57f6a7f5753499d)
28.9.2022, 2:48:21 - DEBUG - gig.service: Finding Gigs (userId: 63334680b57f6a7f5753499d)
28.9.2022, 2:48:26 - DEBUG - gig.controller: Getting Gigs (userId: 63334680b57f6a7f5753499d)
28.9.2022, 2:48:26 - DEBUG - gig.service: Finding Gigs (userId: 63334680b57f6a7f5753499d)
28.9.2022, 2:48:34 - INFO - Socket disconnected [id: P70uJuEEjoDzz3N1AAA7] 
28.9.2022, 2:48:35 - DEBUG - gig.controller: Getting Gigs (userId: 63334680b57f6a7f5753499d)
28.9.2022, 2:48:35 - DEBUG - gig.service: Finding Gigs (userId: 63334680b57f6a7f5753499d)
28.9.2022, 2:48:35 - INFO - New connected socket [id: 2RPNR3ocAbYSgb-cAAA9] 
28.9.2022, 2:48:35 - INFO - Setting socket.userId = 63334680b57f6a7f5753499d for socket [id: 2RPNR3ocAbYSgb-cAAA9] 
28.9.2022, 2:49:24 - INFO - Change Order Status 
28.9.2022, 2:49:24 - INFO - No active socket for user: 63334680b57f6a7f5753499c 
28.9.2022, 2:49:29 - INFO - Socket disconnected [id: 2RPNR3ocAbYSgb-cAAA9] 
28.9.2022, 2:49:30 - DEBUG - gig.controller: Getting Gigs (userId: 63334680b57f6a7f5753499d)
28.9.2022, 2:49:30 - INFO - New connected socket [id: KGZuYjowDbymHDSTAAA_] 
28.9.2022, 2:49:30 - DEBUG - gig.service: Finding Gigs (userId: 63334680b57f6a7f5753499d)
28.9.2022, 2:49:30 - INFO - Setting socket.userId = 63334680b57f6a7f5753499d for socket [id: KGZuYjowDbymHDSTAAA_] 
28.9.2022, 2:50:31 - DEBUG - gig.controller: Getting Gigs (userId: 63334680b57f6a7f5753499d)
28.9.2022, 2:50:31 - DEBUG - gig.service: Finding Gigs (userId: 63334680b57f6a7f5753499d)
28.9.2022, 2:50:32 - DEBUG - gig.service: Finding Gig (userId: 63334680b57f6a7f5753499d)
28.9.2022, 2:51:01 - INFO - Socket disconnected [id: KGZuYjowDbymHDSTAAA_] 
28.9.2022, 2:51:02 - DEBUG - gig.controller: Getting Gigs (userId: 63334680b57f6a7f5753499d)
28.9.2022, 2:51:02 - DEBUG - gig.service: Finding Gigs (userId: 63334680b57f6a7f5753499d)
28.9.2022, 2:51:02 - INFO - New connected socket [id: 1Qqdr6y-qeMLxJXhAABB] 
28.9.2022, 2:51:02 - INFO - Setting socket.userId = 63334680b57f6a7f5753499d for socket [id: 1Qqdr6y-qeMLxJXhAABB] 
